<?xml version="1.0" encoding="UTF-8"?>
<!-- Generated by org.testng.reporters.JUnitReportReporter -->
<testsuite hostname="192-168-1-110.tpgi.com.au" failures="0" tests="1" name="VerifyToken" time="5.850" errors="0" timestamp="2022-03-07T09:07:07 AEDT" skipped="0">
  <testcase classname="VerifyToken" name="verify_AccessToken" time="5.850"/>
  <system-out/>
</testsuite> <!-- VerifyToken -->
