<?xml version="1.0" encoding="UTF-8"?>
<!-- Generated by org.testng.reporters.JUnitReportReporter -->
<testsuite hostname="192-168-1-110.tpgi.com.au" failures="0" tests="1" name="Tests_POST" time="4.165" errors="0" timestamp="2022-03-05T00:25:35 AEDT" skipped="0">
  <testcase classname="Tests_POST" name="test1" time="4.165"/>
  <system-out/>
</testsuite> <!-- Tests_POST -->
