<?xml version="1.0" encoding="UTF-8"?>
<!-- Generated by org.testng.reporters.JUnitReportReporter -->
<testsuite hostname="192-168-1-110.tpgi.com.au" failures="0" tests="2" name="Test01_GET" time="5.918" errors="0" timestamp="2022-03-04T23:06:32 AEDT" skipped="0">
  <testcase classname="Test01_GET" name="test_02" time="1.902"/>
  <system-out/>
  <testcase classname="Test01_GET" name="test_01" time="4.016"/>
  <system-out/>
</testsuite> <!-- Test01_GET -->
