<?xml version="1.0" encoding="UTF-8"?>
<!-- Generated by org.testng.reporters.JUnitReportReporter -->
<testsuite hostname="192-168-1-110.tpgi.com.au" failures="0" tests="1" name="AddUser" time="5.540" errors="0" timestamp="2022-03-06T20:08:51 AEDT" skipped="0">
  <testcase classname="AddUser" name="createUser" time="5.540"/>
  <system-out/>
</testsuite> <!-- AddUser -->
