<?xml version="1.0" encoding="UTF-8"?>
<!-- Generated by org.testng.reporters.JUnitReportReporter -->
<testsuite hostname="192-168-1-108.tpgi.com.au" failures="0" tests="1" name="Tests_GET" time="2.746" errors="0" timestamp="2021-11-23T10:26:06 AEDT" skipped="0">
  <testcase classname="Tests_GET" name="test_1" time="2.746"/>
  <system-out/>
</testsuite> <!-- Tests_GET -->
