<?xml version="1.0" encoding="UTF-8"?>
<!-- Generated by org.testng.reporters.JUnitReportReporter -->
<testsuite hostname="192-168-1-108.tpgi.com.au" failures="0" tests="1" name="TestDelete" time="3.993" errors="0" timestamp="2021-11-23T11:03:59 AEDT" skipped="0">
  <testcase classname="TestDelete" name="test_for_put" time="3.993"/>
  <system-out/>
</testsuite> <!-- TestDelete -->
