<?xml version="1.0" encoding="UTF-8"?>
<!-- Generated by org.testng.reporters.JUnitReportReporter -->
<testsuite hostname="192-168-1-110.tpgi.com.au" failures="0" tests="1" name="UserList" time="5.642" errors="0" timestamp="2022-03-06T22:09:38 AEDT" skipped="0">
  <testcase classname="UserList" name="userlist" time="5.642"/>
  <system-out/>
</testsuite> <!-- UserList -->
